[2024-11-22 16:46:59] slim-app.INFO: Slim-Skeleton '/'  [] {"uid":"86a6c29"}
[2024-11-22 16:47:00] slim-app.INFO: Slim-Skeleton '/' login [] {"uid":"ca4392e"}
[2024-11-22 16:52:39] slim-app.INFO: Slim-Skeleton '/' login [] {"uid":"7497dfd"}
[2024-11-22 16:52:43] slim-app.INFO: Slim-Skeleton 'usuario/login/' 1 [] {"uid":"e445ada"}
[2024-11-22 16:53:25] slim-app.INFO: Slim-Skeleton '/' login [] {"uid":"8a6d68f"}
[2024-11-22 16:53:31] slim-app.INFO: Slim-Skeleton 'usuario/login/' 1 [] {"uid":"b444f50"}
[2024-11-22 16:53:53] slim-app.INFO: Slim-Skeleton '/' login [] {"uid":"e284acc"}
[2024-11-22 16:57:36] slim-app.INFO: Slim-Skeleton '/' login [] {"uid":"3d58f24"}
[2024-11-22 16:57:51] slim-app.INFO: Slim-Skeleton 'usuario/login/' 1 [] {"uid":"a243ad4"}
[2024-11-22 16:57:51] slim-app.INFO: Slim-Skeleton '/' beneficiarios [] {"uid":"02e17e8"}
[2024-11-22 16:57:58] slim-app.INFO: Slim-Skeleton '/' login [] {"uid":"6184e13"}
[2024-11-22 16:59:33] slim-app.INFO: Slim-Skeleton '/' login [] {"uid":"6ed0703"}
[2024-11-22 16:59:37] slim-app.INFO: Slim-Skeleton 'usuario/login/' 1 [] {"uid":"eae389d"}
[2024-11-22 16:59:37] slim-app.INFO: Slim-Skeleton '/' beneficiarios [] {"uid":"c9451a1"}
[2024-11-22 17:04:24] slim-app.INFO: Slim-Skeleton '/' login [] {"uid":"4879a54"}
[2024-12-09 17:10:14] slim-app.INFO: Slim-Skeleton '/' login [] {"uid":"8e19ae1"}
[2024-12-26 09:40:41] slim-app.INFO: Slim-Skeleton '/' login [] {"uid":"bd49ec6"}
[2024-12-26 09:45:49] slim-app.INFO: Slim-Skeleton '/' login [] {"uid":"408403e"}
[2025-01-13 12:07:55] slim-app.INFO: Slim-Skeleton '/' login [] {"uid":"cf0ad1e"}
[2025-01-13 12:08:04] slim-app.INFO: Slim-Skeleton '/' login [] {"uid":"6f50e25"}
[2025-02-05 16:57:09] slim-app.INFO: Slim-Skeleton '/' login [] {"uid":"c1202a2"}
[2025-02-05 16:57:14] slim-app.INFO: Slim-Skeleton 'usuario/login/' 1 [] {"uid":"fd5dd73"}
[2025-02-05 16:57:14] slim-app.INFO: Slim-Skeleton '/' beneficiarios [] {"uid":"ad3c930"}
[2025-02-05 16:57:16] slim-app.INFO: Slim-Skeleton '/' asistencia [] {"uid":"ff94eaf"}
[2025-02-05 16:57:18] slim-app.INFO: Slim-Skeleton '/' lista [] {"uid":"a554b6b"}
[2025-02-05 16:57:21] slim-app.INFO: Slim-Skeleton '/' asistencia [] {"uid":"d352c39"}
[2025-02-05 16:59:14] slim-app.INFO: Slim-Skeleton '/' lista [] {"uid":"fe22a50"}
[2025-02-05 17:02:46] slim-app.INFO: Slim-Skeleton '/' login [] {"uid":"7d114b7"}
[2025-03-01 15:47:05] slim-app.INFO: Slim-Skeleton '/' login [] {"uid":"b4ffcbd"}
[2025-03-24 15:51:53] slim-app.INFO: Slim-Skeleton '/' login [] {"uid":"04fd1de"}
[2025-04-10 10:38:27] slim-app.INFO: Slim-Skeleton '/' login [] {"uid":"670b31c"}
[2025-04-10 10:42:51] slim-app.INFO: Slim-Skeleton 'usuario/login/' 1 [] {"uid":"daeb1ed"}
[2025-04-10 10:42:51] slim-app.INFO: Slim-Skeleton '/' beneficiarios [] {"uid":"f2b0342"}
[2025-04-10 10:42:56] slim-app.INFO: Slim-Skeleton '/' asistencia [] {"uid":"a09e2cf"}
[2025-04-10 10:42:58] slim-app.INFO: Slim-Skeleton '/' lista [] {"uid":"c84b850"}
[2025-04-10 10:50:13] slim-app.INFO: Slim-Skeleton '/' lista [] {"uid":"7a11c4d"}
[2025-04-09 10:56:43] slim-app.INFO: Slim-Skeleton '/' lista [] {"uid":"8e5ff5e"}
[2025-04-09 10:57:00] slim-app.INFO: Slim-Skeleton '/' lista [] {"uid":"bd01d14"}
[2025-04-09 11:00:10] slim-app.INFO: Slim-Skeleton '/'  [] {"uid":"aeb136e"}
[2025-04-09 11:00:10] slim-app.INFO: Slim-Skeleton '/' login [] {"uid":"915e216"}
[2025-04-09 11:00:15] slim-app.INFO: Slim-Skeleton '/' beneficiarios [] {"uid":"3ffc84e"}
[2025-04-09 11:00:19] slim-app.INFO: Slim-Skeleton '/' asistencia [] {"uid":"398a4d7"}
[2025-04-09 11:00:21] slim-app.INFO: Slim-Skeleton '/' lista [] {"uid":"56f1c43"}
[2025-04-09 11:00:34] slim-app.INFO: Slim-Skeleton '/' listacom [] {"uid":"702caa0"}
[2025-04-09 11:02:20] slim-app.INFO: Slim-Skeleton '/' login [] {"uid":"5191d0e"}
[2025-04-09 11:02:23] slim-app.INFO: Slim-Skeleton 'usuario/login/' 1 [] {"uid":"ba97ee4"}
[2025-04-09 11:02:23] slim-app.INFO: Slim-Skeleton '/' beneficiarios [] {"uid":"147a735"}
[2025-04-09 11:02:25] slim-app.INFO: Slim-Skeleton '/' asistencia [] {"uid":"c84a850"}
[2025-04-09 11:02:27] slim-app.INFO: Slim-Skeleton '/' lista [] {"uid":"2c47fb3"}
[2025-04-09 11:20:01] slim-app.INFO: Slim-Skeleton '/' login [] {"uid":"75881f1"}
[2025-04-09 11:20:04] slim-app.INFO: Slim-Skeleton 'usuario/login/' 1 [] {"uid":"4c16c38"}
[2025-04-09 11:20:04] slim-app.INFO: Slim-Skeleton '/' beneficiarios [] {"uid":"23db9f5"}
[2025-04-09 11:20:09] slim-app.INFO: Slim-Skeleton '/' asistencia [] {"uid":"2fc21f6"}
[2025-04-09 11:20:10] slim-app.INFO: Slim-Skeleton '/' lista [] {"uid":"2cdba04"}
[2025-04-09 11:28:51] slim-app.INFO: Slim-Skeleton '/' login [] {"uid":"a252af4"}
[2025-04-09 11:29:49] slim-app.INFO: Slim-Skeleton '/' login [] {"uid":"d9d5864"}
[2025-04-09 11:29:52] slim-app.INFO: Slim-Skeleton 'usuario/login/' 1 [] {"uid":"767b47a"}
[2025-04-09 11:29:52] slim-app.INFO: Slim-Skeleton '/' beneficiarios [] {"uid":"faac5fa"}
[2025-04-09 11:29:53] slim-app.INFO: Slim-Skeleton '/' asistencia [] {"uid":"fcd560a"}
[2025-04-09 11:29:55] slim-app.INFO: Slim-Skeleton '/' lista [] {"uid":"12a57c6"}
[2025-04-09 11:32:24] slim-app.INFO: Slim-Skeleton '/' lista [] {"uid":"59a1d4d"}
[2025-04-09 11:33:06] slim-app.INFO: Slim-Skeleton '/' login [] {"uid":"004eec5"}
[2025-04-10 11:34:51] slim-app.INFO: Slim-Skeleton '/' login [] {"uid":"e88e842"}
[2025-04-10 11:34:54] slim-app.INFO: Slim-Skeleton 'usuario/login/' 1 [] {"uid":"3112350"}
[2025-04-10 11:34:54] slim-app.INFO: Slim-Skeleton '/' beneficiarios [] {"uid":"dbb45dd"}
[2025-04-10 11:34:59] slim-app.INFO: Slim-Skeleton '/' asistencia [] {"uid":"4d01aee"}
[2025-04-10 11:35:01] slim-app.INFO: Slim-Skeleton '/' lista [] {"uid":"7bd4c22"}
[2025-04-10 11:36:27] slim-app.INFO: Slim-Skeleton '/' beneficiarios [] {"uid":"a3ce15c"}
[2025-04-10 11:37:16] slim-app.INFO: Slim-Skeleton '/' beneficiarios [] {"uid":"ce312dc"}
[2025-04-10 11:37:31] slim-app.INFO: Slim-Skeleton '/' beneficiarios [] {"uid":"b25d0aa"}
[2025-04-10 11:37:48] slim-app.INFO: Slim-Skeleton '/' beneficiarios [] {"uid":"813eb38"}
[2025-04-10 11:38:06] slim-app.INFO: Slim-Skeleton '/' beneficiarios [] {"uid":"d912cfe"}
[2025-04-10 11:38:28] slim-app.INFO: Slim-Skeleton '/' beneficiarios [] {"uid":"c4d981a"}
[2025-04-10 11:38:40] slim-app.INFO: Slim-Skeleton '/' beneficiarios [] {"uid":"6eff11e"}
[2025-04-10 11:38:55] slim-app.INFO: Slim-Skeleton '/' beneficiarios [] {"uid":"aa82b84"}
[2025-04-10 11:39:22] slim-app.INFO: Slim-Skeleton '/' beneficiarios [] {"uid":"1396393"}
[2025-04-10 11:39:35] slim-app.INFO: Slim-Skeleton '/' asistencia [] {"uid":"0782c4d"}
[2025-04-10 11:39:37] slim-app.INFO: Slim-Skeleton '/' lista [] {"uid":"8c1b5ca"}
[2025-04-10 11:39:50] slim-app.INFO: Slim-Skeleton '/' login [] {"uid":"a26c298"}
[2025-05-27 10:57:21] slim-app.INFO: Slim-Skeleton '/' login [] {"uid":"64faf8f"}
[2025-05-27 10:57:25] slim-app.INFO: Slim-Skeleton 'usuario/login/' 1 [] {"uid":"b479110"}
[2025-05-27 10:57:25] slim-app.INFO: Slim-Skeleton '/' beneficiarios [] {"uid":"b518b8b"}
[2025-05-27 10:57:27] slim-app.INFO: Slim-Skeleton '/' asistencia [] {"uid":"7e6b6b2"}
[2025-05-27 10:57:50] slim-app.INFO: Slim-Skeleton '/' lista [] {"uid":"8009919"}
[2025-06-03 17:08:29] slim-app.INFO: Slim-Skeleton '/' login [] {"uid":"3c73e9b"}
[2025-06-03 17:08:33] slim-app.INFO: Slim-Skeleton 'usuario/login/' 1 [] {"uid":"f038c60"}
[2025-06-03 17:08:33] slim-app.INFO: Slim-Skeleton '/' beneficiarios [] {"uid":"9683706"}
[2025-06-03 17:09:12] slim-app.INFO: Slim-Skeleton '/' login [] {"uid":"fc0c468"}
[2025-06-03 17:09:23] slim-app.INFO: Slim-Skeleton '/' beneficiarios [] {"uid":"92d5f17"}
[2025-06-03 17:09:23] slim-app.INFO: Slim-Skeleton '/' login [] {"uid":"7061e36"}
[2025-06-03 17:29:12] slim-app.INFO: Slim-Skeleton '/' login [] {"uid":"a3cb865"}
[2025-06-03 17:29:15] slim-app.INFO: Slim-Skeleton 'usuario/login/' 1 [] {"uid":"2dcd934"}
[2025-06-03 17:29:15] slim-app.INFO: Slim-Skeleton '/' beneficiarios [] {"uid":"d7a0d6b"}
[2025-06-03 17:33:13] slim-app.INFO: Slim-Skeleton '/' beneficiarios [] {"uid":"0b0404a"}
[2025-06-03 17:40:47] slim-app.INFO: Slim-Skeleton '/' beneficiarios [] {"uid":"55d5f22"}
[2025-06-03 17:57:51] slim-app.INFO: Slim-Skeleton '/' login [] {"uid":"593297a"}
[2025-06-03 17:57:55] slim-app.INFO: Slim-Skeleton 'usuario/login/' 1 [] {"uid":"9aac24d"}
[2025-06-03 17:57:55] slim-app.INFO: Slim-Skeleton '/' beneficiarios [] {"uid":"3fd5787"}
[2025-06-03 18:09:25] slim-app.INFO: Slim-Skeleton '/' login [] {"uid":"964a0be"}
[2025-06-03 18:19:34] slim-app.INFO: Slim-Skeleton '/' login [] {"uid":"f5d70ba"}
[2025-06-03 18:19:55] slim-app.INFO: Slim-Skeleton '/' beneficiarios [] {"uid":"1aa82dd"}
[2025-06-03 18:20:23] slim-app.INFO: Slim-Skeleton '/' login [] {"uid":"9cc2247"}
[2025-06-03 18:34:16] slim-app.INFO: Slim-Skeleton '/' login [] {"uid":"ced7f4b"}
[2025-07-01 18:29:11] slim-app.INFO: Slim-Skeleton '/' login [] {"uid":"70c4a55"}
[2025-10-24 11:10:02] slim-app.INFO: Slim-Skeleton '/' login [] {"uid":"7e1e3fe"}
[2025-10-24 11:10:07] slim-app.INFO: Slim-Skeleton 'usuario/login/' 1 [] {"uid":"96110f7"}
[2025-10-24 11:10:07] slim-app.INFO: Slim-Skeleton '/' beneficiarios [] {"uid":"1be0c16"}
[2025-10-24 11:11:03] slim-app.INFO: Slim-Skeleton '/' asistencia [] {"uid":"54cd002"}
[2025-10-24 11:11:05] slim-app.INFO: Slim-Skeleton '/' lista [] {"uid":"7d35768"}
[2025-10-24 11:17:07] slim-app.INFO: Slim-Skeleton '/' login [] {"uid":"3b1fbb3"}
[2025-10-24 11:19:13] slim-app.INFO: Slim-Skeleton '/' login [] {"uid":"532ec1e"}
[2025-10-24 11:19:15] slim-app.INFO: Slim-Skeleton 'usuario/login/' 1 [] {"uid":"0c6775b"}
[2025-10-24 11:19:15] slim-app.INFO: Slim-Skeleton '/' beneficiarios [] {"uid":"e045b85"}
[2025-10-24 11:19:33] slim-app.INFO: Slim-Skeleton '/' asistencia [] {"uid":"b2a5e0b"}
[2025-10-24 11:19:35] slim-app.INFO: Slim-Skeleton '/' lista [] {"uid":"7612de9"}
[2025-10-23 11:21:25] slim-app.INFO: Slim-Skeleton '/' login [] {"uid":"f31825c"}
[2025-10-23 11:21:29] slim-app.INFO: Slim-Skeleton 'usuario/login/' 1 [] {"uid":"6361496"}
[2025-10-23 11:21:29] slim-app.INFO: Slim-Skeleton '/' beneficiarios [] {"uid":"e7d4c65"}
[2025-10-23 11:21:31] slim-app.INFO: Slim-Skeleton '/' asistencia [] {"uid":"5f9d5ce"}
[2025-10-23 11:21:33] slim-app.INFO: Slim-Skeleton '/' lista [] {"uid":"2ac7628"}
[2025-10-23 11:40:00] slim-app.INFO: Slim-Skeleton '/' login [] {"uid":"0bce350"}
[2025-10-23 11:42:57] slim-app.INFO: Slim-Skeleton '/' login [] {"uid":"36a72b7"}
[2025-10-23 11:43:01] slim-app.INFO: Slim-Skeleton 'usuario/login/' 1 [] {"uid":"1593734"}
[2025-10-23 11:43:01] slim-app.INFO: Slim-Skeleton '/' beneficiarios [] {"uid":"e14460b"}
[2025-10-23 11:43:05] slim-app.INFO: Slim-Skeleton '/' asistencia [] {"uid":"c4af83d"}
[2025-10-23 11:43:07] slim-app.INFO: Slim-Skeleton '/' lista [] {"uid":"f694476"}
[2025-10-23 11:48:01] slim-app.INFO: Slim-Skeleton '/' login [] {"uid":"ee8fb29"}
[2025-10-23 11:54:11] slim-app.INFO: Slim-Skeleton '/' login [] {"uid":"45786e3"}
[2025-10-23 11:54:13] slim-app.INFO: Slim-Skeleton 'usuario/login/' 1 [] {"uid":"762aaa1"}
[2025-10-23 11:54:13] slim-app.INFO: Slim-Skeleton '/' beneficiarios [] {"uid":"14359b9"}
[2025-10-23 11:54:16] slim-app.INFO: Slim-Skeleton '/' asistencia [] {"uid":"704b332"}
[2025-10-23 11:54:18] slim-app.INFO: Slim-Skeleton '/' lista [] {"uid":"a7f9e57"}
[2025-10-24 11:58:10] slim-app.INFO: Slim-Skeleton '/' lista [] {"uid":"506c30c"}
[2025-10-24 11:58:33] slim-app.INFO: Slim-Skeleton '/' asistencia [] {"uid":"f5c9d91"}
[2025-10-24 11:58:41] slim-app.INFO: Slim-Skeleton '/' lista [] {"uid":"b2efda0"}
[2025-10-30 13:33:31] slim-app.INFO: Slim-Skeleton '/' login [] {"uid":"f4a3311"}
[2025-10-30 13:33:51] slim-app.INFO: Slim-Skeleton '/' login [] {"uid":"51e747b"}
[2025-10-30 13:33:55] slim-app.INFO: Slim-Skeleton 'usuario/login/' 1 [] {"uid":"73b221d"}
[2025-10-30 13:33:55] slim-app.INFO: Slim-Skeleton '/' beneficiarios [] {"uid":"f31d986"}
[2025-10-30 13:33:58] slim-app.INFO: Slim-Skeleton '/' asistencia [] {"uid":"a30c88d"}
[2025-10-30 13:34:00] slim-app.INFO: Slim-Skeleton '/' usuarios [] {"uid":"882ed95"}
[2025-10-30 13:34:01] slim-app.INFO: Slim-Skeleton '/' asistencia [] {"uid":"f2e72be"}
[2025-10-30 13:34:03] slim-app.INFO: Slim-Skeleton '/' login [] {"uid":"27541c5"}
[2026-02-03 11:32:04] slim-app.INFO: Slim-Skeleton '/' login [] {"uid":"6eef2dc"}
[2026-02-03 11:34:05] slim-app.INFO: Slim-Skeleton '/' login [] {"uid":"09c943e"}
[2026-02-03 11:34:18] slim-app.INFO: Slim-Skeleton '/' login [] {"uid":"942bfd9"}
[2026-02-03 13:01:20] slim-app.INFO: Slim-Skeleton '/' login [] {"uid":"1b25bb5"}
[2026-02-03 13:01:48] slim-app.INFO: Slim-Skeleton '/' login [] {"uid":"d1dfcae"}
[2026-02-03 13:02:35] slim-app.INFO: Slim-Skeleton '/' login [] {"uid":"e1f9435"}
[2026-02-03 13:02:44] slim-app.INFO: Slim-Skeleton '/' login [] {"uid":"39bf5e2"}
[2026-02-03 13:02:52] slim-app.INFO: Slim-Skeleton '/' login [] {"uid":"0645085"}
[2026-02-03 13:04:13] slim-app.INFO: Slim-Skeleton '/' login [] {"uid":"0858d17"}
[2026-02-03 13:04:16] slim-app.INFO: Slim-Skeleton '/' login [] {"uid":"93fbd75"}
[2026-02-03 13:04:21] slim-app.INFO: Slim-Skeleton '/' login [] {"uid":"e69c833"}
[2026-02-03 13:04:22] slim-app.INFO: Slim-Skeleton '/' login [] {"uid":"66c2a62"}
[2026-02-03 13:07:07] slim-app.INFO: Slim-Skeleton '/' login [] {"uid":"7fdecca"}
[2026-02-03 13:07:59] slim-app.INFO: Slim-Skeleton '/' login [] {"uid":"f6b8429"}
[2026-02-03 13:08:00] slim-app.INFO: Slim-Skeleton '/' login [] {"uid":"b524cd5"}
[2026-02-03 13:08:09] slim-app.INFO: Slim-Skeleton '/' login [] {"uid":"c34341a"}
[2026-02-03 13:09:46] slim-app.INFO: Slim-Skeleton '/' login [] {"uid":"0a032dd"}
[2026-02-03 13:09:58] slim-app.INFO: Slim-Skeleton '/' login [] {"uid":"49eaaa8"}
[2026-02-03 13:10:00] slim-app.INFO: Slim-Skeleton '/' login [] {"uid":"59f4ca9"}
[2026-02-03 13:11:05] slim-app.INFO: Slim-Skeleton '/' login [] {"uid":"7a90cd4"}
[2026-02-03 13:11:40] slim-app.INFO: Slim-Skeleton '/' login [] {"uid":"b3be839"}
[2026-02-03 13:32:06] slim-app.INFO: Slim-Skeleton '/' login [] {"uid":"5e88473"}
[2026-02-03 13:32:40] slim-app.INFO: Slim-Skeleton '/' login [] {"uid":"34f6bfb"}
[2026-02-03 13:33:12] slim-app.INFO: Slim-Skeleton '/' login [] {"uid":"8a2c091"}
[2026-02-03 13:33:20] slim-app.INFO: Slim-Skeleton '/' login [] {"uid":"7a42aa4"}
[2026-02-03 13:33:41] slim-app.INFO: Slim-Skeleton '/' login [] {"uid":"92216bb"}
[2026-02-03 13:33:46] slim-app.INFO: Slim-Skeleton '/' login [] {"uid":"64ec818"}
[2026-02-03 13:33:50] slim-app.INFO: Slim-Skeleton '/' login [] {"uid":"c2b43c6"}
[2026-02-03 13:33:51] slim-app.INFO: Slim-Skeleton '/' login [] {"uid":"9ba6843"}
[2026-02-03 13:33:52] slim-app.INFO: Slim-Skeleton '/' login [] {"uid":"7a4fbd5"}
[2026-02-03 13:35:34] slim-app.INFO: Slim-Skeleton '/' login [] {"uid":"eb533e1"}
[2026-02-03 13:36:26] slim-app.INFO: Slim-Skeleton '/' login [] {"uid":"4532af1"}
[2026-02-03 13:41:23] slim-app.INFO: Slim-Skeleton '/' login [] {"uid":"965666d"}
[2026-02-03 13:53:27] slim-app.INFO: Slim-Skeleton '/' login [] {"uid":"b15ba4f"}
[2026-02-03 13:53:30] slim-app.INFO: Slim-Skeleton '/' login [] {"uid":"005bcaa"}
[2026-02-03 14:00:50] slim-app.INFO: Slim-Skeleton '/' login [] {"uid":"28d8e50"}
[2026-02-03 16:10:07] slim-app.INFO: Slim-Skeleton '/' login [] {"uid":"bea5f26"}
[2026-02-03 16:10:16] slim-app.INFO: Slim-Skeleton '/' login [] {"uid":"6af5797"}
[2026-02-03 16:11:49] slim-app.INFO: Slim-Skeleton 'usuario/login/' 1 [] {"uid":"a467aa2"}
[2026-02-03 16:11:49] slim-app.INFO: Slim-Skeleton '/' beneficiarios [] {"uid":"6e1379e"}
[2026-02-03 16:13:51] slim-app.INFO: Slim-Skeleton '/' login [] {"uid":"34bc21f"}
[2026-02-03 16:14:56] slim-app.INFO: Slim-Skeleton '/' login [] {"uid":"6650bf4"}
[2026-02-03 16:15:09] slim-app.INFO: Slim-Skeleton '/' login [] {"uid":"5434e8f"}
[2026-02-03 16:15:13] slim-app.INFO: Slim-Skeleton '/' login [] {"uid":"63885ab"}
[2026-02-03 16:15:13] slim-app.INFO: Slim-Skeleton '/' login [] {"uid":"ca8853e"}
[2026-02-03 16:15:13] slim-app.INFO: Slim-Skeleton '/' login [] {"uid":"5497481"}
[2026-02-03 16:15:14] slim-app.INFO: Slim-Skeleton '/' login [] {"uid":"a8393d5"}
[2026-02-03 16:15:14] slim-app.INFO: Slim-Skeleton '/' login [] {"uid":"2517834"}
[2026-02-03 16:15:14] slim-app.INFO: Slim-Skeleton '/' login [] {"uid":"5f52932"}
[2026-02-03 16:15:14] slim-app.INFO: Slim-Skeleton '/' login [] {"uid":"1c15276"}
[2026-02-03 16:15:14] slim-app.INFO: Slim-Skeleton '/' login [] {"uid":"55fe44d"}
[2026-02-03 16:15:25] slim-app.INFO: Slim-Skeleton 'usuario/login/' 1 [] {"uid":"501d055"}
[2026-02-03 16:15:25] slim-app.INFO: Slim-Skeleton '/' beneficiarios [] {"uid":"ccbd50a"}
[2026-02-03 16:23:20] slim-app.INFO: Slim-Skeleton '/' beneficiarios [] {"uid":"8c91d6d"}
[2026-02-03 16:23:39] slim-app.INFO: Slim-Skeleton '/' beneficiarios [] {"uid":"fd7602d"}
[2026-02-03 16:24:04] slim-app.INFO: Slim-Skeleton '/' beneficiarios [] {"uid":"98f1963"}
[2026-02-03 16:24:11] slim-app.INFO: Slim-Skeleton '/' beneficiarios [] {"uid":"bf22017"}
[2026-02-03 16:24:18] slim-app.INFO: Slim-Skeleton '/' beneficiarios [] {"uid":"33e5022"}
[2026-02-03 16:24:35] slim-app.INFO: Slim-Skeleton '/' beneficiarios [] {"uid":"aea3554"}
[2026-02-03 16:26:37] slim-app.INFO: Slim-Skeleton '/' beneficiarios [] {"uid":"3ea3705"}
[2026-02-03 16:28:05] slim-app.INFO: Slim-Skeleton '/' beneficiarios [] {"uid":"3d1f7db"}
[2026-02-03 16:29:39] slim-app.INFO: Slim-Skeleton '/' beneficiarios [] {"uid":"50cfdec"}
[2026-02-03 16:30:21] slim-app.INFO: Slim-Skeleton '/' beneficiarios [] {"uid":"6a39f78"}
[2026-02-03 16:30:28] slim-app.INFO: Slim-Skeleton '/' asistencia [] {"uid":"4c974c1"}
[2026-02-03 16:30:30] slim-app.INFO: Slim-Skeleton '/' usuarios [] {"uid":"b297890"}
[2026-02-03 16:30:31] slim-app.INFO: Slim-Skeleton '/' asistencia [] {"uid":"f30f22a"}
[2026-02-03 16:30:32] slim-app.INFO: Slim-Skeleton '/' beneficiarios [] {"uid":"38b1395"}
[2026-02-03 16:30:39] slim-app.INFO: Slim-Skeleton '/' login [] {"uid":"68858b5"}
[2026-02-03 16:30:43] slim-app.INFO: Slim-Skeleton 'usuario/login/' 1 [] {"uid":"1fed72e"}
[2026-02-03 16:30:43] slim-app.INFO: Slim-Skeleton '/' beneficiarios [] {"uid":"46c215b"}
[2026-02-03 16:31:57] slim-app.INFO: Slim-Skeleton '/' beneficiarios [] {"uid":"da34c89"}
[2026-02-03 16:32:01] slim-app.INFO: Slim-Skeleton '/' beneficiarios [] {"uid":"482b8af"}
[2026-02-03 16:32:08] slim-app.INFO: Slim-Skeleton '/' login [] {"uid":"a38e68b"}
[2026-02-03 16:32:11] slim-app.INFO: Slim-Skeleton 'usuario/login/' 1 [] {"uid":"94beebd"}
[2026-02-03 16:32:12] slim-app.INFO: Slim-Skeleton '/' beneficiarios [] {"uid":"8021ac5"}
[2026-02-03 16:32:39] slim-app.INFO: Slim-Skeleton '/' beneficiarios [] {"uid":"583e917"}
[2026-02-03 16:32:42] slim-app.INFO: Slim-Skeleton '/' login [] {"uid":"d62eefc"}
[2026-02-03 16:32:46] slim-app.INFO: Slim-Skeleton 'usuario/login/' 1 [] {"uid":"a17cff7"}
[2026-02-03 16:32:46] slim-app.INFO: Slim-Skeleton '/' beneficiarios [] {"uid":"8c090fb"}
[2026-02-03 16:32:49] slim-app.INFO: Slim-Skeleton '/' asistencia [] {"uid":"edb347a"}
[2026-02-03 16:32:53] slim-app.INFO: Slim-Skeleton '/' usuarios [] {"uid":"d414c8e"}
[2026-02-03 16:32:54] slim-app.INFO: Slim-Skeleton '/' beneficiarios [] {"uid":"1eaa931"}
[2026-02-03 16:32:58] slim-app.INFO: Slim-Skeleton '/' asistencia [] {"uid":"e49a2f9"}
[2026-02-03 16:33:01] slim-app.INFO: Slim-Skeleton '/' usuarios [] {"uid":"3a96806"}
[2026-02-03 16:33:03] slim-app.INFO: Slim-Skeleton '/' beneficiarios [] {"uid":"83bfb58"}
[2026-02-03 16:33:04] slim-app.INFO: Slim-Skeleton '/' beneficiarios [] {"uid":"5101201"}
[2026-02-03 16:33:06] slim-app.INFO: Slim-Skeleton '/' beneficiarios [] {"uid":"67f5411"}
[2026-02-03 16:33:51] slim-app.INFO: Slim-Skeleton '/' beneficiarios [] {"uid":"d9e5753"}
[2026-02-03 16:34:16] slim-app.INFO: Slim-Skeleton '/' beneficiarios [] {"uid":"85eea51"}
[2026-02-03 16:34:41] slim-app.INFO: Slim-Skeleton '/' beneficiarios [] {"uid":"0c0b41b"}
[2026-02-03 16:35:04] slim-app.INFO: Slim-Skeleton '/' beneficiarios [] {"uid":"c3d90fc"}
[2026-02-03 16:35:18] slim-app.INFO: Slim-Skeleton '/' beneficiarios [] {"uid":"6a5a8c4"}
[2026-02-03 16:35:27] slim-app.INFO: Slim-Skeleton '/' beneficiarios [] {"uid":"7451821"}
[2026-02-03 16:35:38] slim-app.INFO: Slim-Skeleton '/' beneficiarios [] {"uid":"5815091"}
[2026-02-03 16:38:16] slim-app.INFO: Slim-Skeleton '/' login [] {"uid":"51f6e7c"}
[2026-02-03 16:38:19] slim-app.INFO: Slim-Skeleton 'usuario/login/' 1 [] {"uid":"fd71b72"}
[2026-02-03 16:38:19] slim-app.INFO: Slim-Skeleton '/' beneficiarios [] {"uid":"20878b1"}
[2026-02-03 17:01:04] slim-app.INFO: Slim-Skeleton '/' beneficiarios [] {"uid":"6185a5b"}
[2026-02-03 17:01:13] slim-app.INFO: Slim-Skeleton '/' beneficiarios [] {"uid":"041df39"}
[2026-02-03 17:01:14] slim-app.INFO: Slim-Skeleton '/' beneficiarios [] {"uid":"9d08847"}
[2026-02-03 17:01:19] slim-app.INFO: Slim-Skeleton '/' beneficiarios [] {"uid":"9acd7f6"}
[2026-02-03 17:30:42] slim-app.INFO: Slim-Skeleton '/' beneficiarios [] {"uid":"cb4077b"}
[2026-02-03 17:31:22] slim-app.INFO: Slim-Skeleton '/' beneficiarios [] {"uid":"127cd24"}
[2026-02-03 17:31:33] slim-app.INFO: Slim-Skeleton '/' beneficiarios [] {"uid":"15053cf"}
[2026-02-03 17:32:10] slim-app.INFO: Slim-Skeleton '/' beneficiarios [] {"uid":"3729cd1"}
[2026-02-03 17:32:40] slim-app.INFO: Slim-Skeleton '/' beneficiarios [] {"uid":"f0b466c"}
[2026-02-03 17:32:51] slim-app.INFO: Slim-Skeleton '/' beneficiarios [] {"uid":"b085477"}
[2026-02-03 17:32:53] slim-app.INFO: Slim-Skeleton '/' login [] {"uid":"aac0279"}
[2026-02-03 17:33:01] slim-app.INFO: Slim-Skeleton 'usuario/login/' 1 [] {"uid":"9cc86e6"}
[2026-02-03 17:33:01] slim-app.INFO: Slim-Skeleton '/' beneficiarios [] {"uid":"0398d41"}
[2026-02-03 17:37:31] slim-app.INFO: Slim-Skeleton '/' beneficiarios [] {"uid":"a6c67e9"}
[2026-02-03 17:37:37] slim-app.INFO: Slim-Skeleton '/' beneficiarios [] {"uid":"bbe398c"}
[2026-02-03 17:37:58] slim-app.INFO: Slim-Skeleton '/' beneficiarios [] {"uid":"d6faedf"}
[2026-02-03 17:38:25] slim-app.INFO: Slim-Skeleton '/' beneficiarios [] {"uid":"37b6aeb"}
[2026-02-03 17:38:27] slim-app.INFO: Slim-Skeleton '/' login [] {"uid":"aef9235"}
[2026-02-03 17:38:30] slim-app.INFO: Slim-Skeleton 'usuario/login/' 1 [] {"uid":"1f36afd"}
[2026-02-03 17:38:30] slim-app.INFO: Slim-Skeleton '/' beneficiarios [] {"uid":"8990085"}
[2026-02-03 17:43:46] slim-app.INFO: Slim-Skeleton '/' beneficiarios [] {"uid":"333d013"}
[2026-02-03 17:44:14] slim-app.INFO: Slim-Skeleton '/' beneficiarios [] {"uid":"ad1612d"}
[2026-02-03 17:53:31] slim-app.INFO: Slim-Skeleton '/' beneficiarios [] {"uid":"012444e"}
[2026-02-03 17:53:36] slim-app.INFO: Slim-Skeleton '/' beneficiarios [] {"uid":"f8ca643"}
[2026-02-03 17:58:10] slim-app.INFO: Slim-Skeleton '/' beneficiarios [] {"uid":"a43ef36"}
[2026-02-03 17:58:15] slim-app.INFO: Slim-Skeleton '/' login [] {"uid":"7963b5a"}
[2026-02-03 17:58:18] slim-app.INFO: Slim-Skeleton 'usuario/login/' 1 [] {"uid":"cc50af5"}
[2026-02-03 17:58:18] slim-app.INFO: Slim-Skeleton '/' beneficiarios [] {"uid":"1bcec92"}
[2026-02-03 17:58:28] slim-app.INFO: Slim-Skeleton '/' beneficiarios [] {"uid":"68fbde2"}
[2026-02-03 17:58:52] slim-app.INFO: Slim-Skeleton '/' beneficiarios [] {"uid":"4bd2c3e"}
[2026-02-03 17:58:58] slim-app.INFO: Slim-Skeleton '/' beneficiarios [] {"uid":"e45dd00"}
[2026-02-03 17:59:03] slim-app.INFO: Slim-Skeleton '/' beneficiarios [] {"uid":"9ff337e"}
[2026-02-03 17:59:06] slim-app.INFO: Slim-Skeleton '/' beneficiarios [] {"uid":"b7fbfc2"}
[2026-02-03 17:59:08] slim-app.INFO: Slim-Skeleton '/' asistencia [] {"uid":"28e9044"}
[2026-02-03 17:59:11] slim-app.INFO: Slim-Skeleton '/' beneficiarios [] {"uid":"a47a320"}
[2026-02-03 17:59:13] slim-app.INFO: Slim-Skeleton '/' beneficiarios [] {"uid":"e3c3d50"}
[2026-02-03 17:59:25] slim-app.INFO: Slim-Skeleton '/' beneficiarios [] {"uid":"63a828f"}
[2026-02-03 17:59:31] slim-app.INFO: Slim-Skeleton '/' login [] {"uid":"2d2f736"}
[2026-02-03 17:59:35] slim-app.INFO: Slim-Skeleton 'usuario/login/' 1 [] {"uid":"a3fc8e6"}
[2026-02-03 17:59:36] slim-app.INFO: Slim-Skeleton '/' beneficiarios [] {"uid":"2be4646"}
[2026-02-03 18:00:25] slim-app.INFO: Slim-Skeleton '/' beneficiarios [] {"uid":"91159a4"}
[2026-02-03 18:00:30] slim-app.INFO: Slim-Skeleton '/' beneficiarios [] {"uid":"788b7e0"}
[2026-02-03 18:01:54] slim-app.INFO: Slim-Skeleton '/' beneficiarios [] {"uid":"2c5b887"}
[2026-02-03 18:02:12] slim-app.INFO: Slim-Skeleton '/' beneficiarios [] {"uid":"4582932"}
[2026-02-03 18:02:19] slim-app.INFO: Slim-Skeleton '/' beneficiarios [] {"uid":"c060fa7"}
[2026-02-03 18:03:05] slim-app.INFO: Slim-Skeleton '/' beneficiarios [] {"uid":"2860040"}
[2026-02-03 18:03:12] slim-app.INFO: Slim-Skeleton '/' beneficiarios [] {"uid":"428fde6"}
[2026-02-04 09:29:20] slim-app.INFO: Slim-Skeleton '/' login [] {"uid":"1094229"}
[2026-02-04 09:29:28] slim-app.INFO: Slim-Skeleton '/' login [] {"uid":"84454ec"}
[2026-02-04 09:29:48] slim-app.INFO: Slim-Skeleton '/' login [] {"uid":"af831d3"}
[2026-02-04 09:30:01] slim-app.INFO: Slim-Skeleton 'usuario/login/' 1 [] {"uid":"3c027a7"}
[2026-02-04 09:30:01] slim-app.INFO: Slim-Skeleton '/' beneficiarios [] {"uid":"aea1152"}
[2026-02-04 09:33:57] slim-app.INFO: Slim-Skeleton '/' beneficiarios [] {"uid":"ecd59be"}
[2026-02-04 09:35:09] slim-app.INFO: Slim-Skeleton '/' beneficiarios [] {"uid":"e2702df"}
[2026-02-04 09:36:41] slim-app.INFO: Slim-Skeleton '/' beneficiarios [] {"uid":"f601303"}
[2026-02-04 09:39:00] slim-app.INFO: Slim-Skeleton '/' beneficiarios [] {"uid":"456c0f8"}
[2026-02-04 09:39:27] slim-app.INFO: Slim-Skeleton '/' beneficiarios [] {"uid":"0b60adb"}
[2026-02-04 09:40:32] slim-app.INFO: Slim-Skeleton '/' beneficiarios [] {"uid":"b296f83"}
[2026-02-04 09:44:54] slim-app.INFO: Slim-Skeleton '/' beneficiarios [] {"uid":"74ccc90"}
[2026-02-04 09:48:57] slim-app.INFO: Slim-Skeleton '/' beneficiarios [] {"uid":"f309336"}
[2026-02-04 09:49:45] slim-app.INFO: Slim-Skeleton '/' beneficiarios [] {"uid":"548ee84"}
[2026-02-04 10:01:20] slim-app.INFO: Slim-Skeleton '/' beneficiarios [] {"uid":"f5f1232"}
[2026-02-04 10:01:37] slim-app.INFO: Slim-Skeleton '/' beneficiarios [] {"uid":"d707bbc"}
[2026-02-04 10:01:39] slim-app.INFO: Slim-Skeleton '/' login [] {"uid":"6481a41"}
[2026-02-04 10:01:42] slim-app.INFO: Slim-Skeleton 'usuario/login/' 1 [] {"uid":"1a582ec"}
[2026-02-04 10:01:42] slim-app.INFO: Slim-Skeleton '/' beneficiarios [] {"uid":"42b170c"}
[2026-02-04 10:02:11] slim-app.INFO: Slim-Skeleton '/' beneficiarios [] {"uid":"0b66d92"}
[2026-02-04 10:02:29] slim-app.INFO: Slim-Skeleton '/' beneficiarios [] {"uid":"f49fcf6"}
[2026-02-04 10:02:41] slim-app.INFO: Slim-Skeleton '/' beneficiarios [] {"uid":"3e22a26"}
[2026-02-04 10:03:25] slim-app.INFO: Slim-Skeleton '/' beneficiarios [] {"uid":"24d9a60"}
[2026-02-04 10:05:16] slim-app.INFO: Slim-Skeleton '/' beneficiarios [] {"uid":"83ed923"}
[2026-02-04 10:05:57] slim-app.INFO: Slim-Skeleton '/' beneficiarios [] {"uid":"3fa539c"}
[2026-02-04 10:06:03] slim-app.INFO: Slim-Skeleton '/' beneficiarios [] {"uid":"445f0b4"}
[2026-02-04 10:06:24] slim-app.INFO: Slim-Skeleton '/' beneficiarios [] {"uid":"1b4878c"}
[2026-02-04 10:09:49] slim-app.INFO: Slim-Skeleton '/' beneficiarios [] {"uid":"72f1648"}
[2026-02-04 10:12:04] slim-app.INFO: Slim-Skeleton '/' beneficiarios [] {"uid":"97dff1f"}
[2026-02-04 10:12:06] slim-app.INFO: Slim-Skeleton '/' beneficiarios [] {"uid":"c03b109"}
[2026-02-04 10:12:18] slim-app.INFO: Slim-Skeleton '/' beneficiarios [] {"uid":"5e415ba"}
[2026-02-04 10:12:21] slim-app.INFO: Slim-Skeleton '/' login [] {"uid":"db5d8da"}
[2026-02-04 10:12:23] slim-app.INFO: Slim-Skeleton 'usuario/login/' 1 [] {"uid":"fbededf"}
[2026-02-04 10:12:23] slim-app.INFO: Slim-Skeleton '/' beneficiarios [] {"uid":"707fa15"}
[2026-02-04 10:12:56] slim-app.INFO: Slim-Skeleton '/' beneficiarios [] {"uid":"be2d3e0"}
[2026-02-04 10:12:59] slim-app.INFO: Slim-Skeleton '/' login [] {"uid":"ca60830"}
[2026-02-04 10:13:24] slim-app.INFO: Slim-Skeleton 'usuario/login/' 1 [] {"uid":"48eb14a"}
[2026-02-04 10:13:24] slim-app.INFO: Slim-Skeleton '/' beneficiarios [] {"uid":"3375281"}
[2026-02-04 10:13:36] slim-app.INFO: Slim-Skeleton '/' asistencia [] {"uid":"f6305bc"}
[2026-02-04 10:13:36] slim-app.INFO: Slim-Skeleton '/' beneficiarios [] {"uid":"dc095c1"}
[2026-02-04 10:13:41] slim-app.INFO: Slim-Skeleton '/' login [] {"uid":"75299ea"}
[2026-02-04 10:13:54] slim-app.INFO: Slim-Skeleton 'usuario/login/' 1 [] {"uid":"1a4c02d"}
[2026-02-04 10:13:54] slim-app.INFO: Slim-Skeleton '/' beneficiarios [] {"uid":"2226005"}
[2026-02-04 10:13:58] slim-app.INFO: Slim-Skeleton '/' asistencia [] {"uid":"1cc9dd5"}
[2026-02-04 10:14:00] slim-app.INFO: Slim-Skeleton '/' beneficiarios [] {"uid":"30cf461"}
[2026-02-04 10:14:02] slim-app.INFO: Slim-Skeleton '/' usuarios [] {"uid":"fb181d4"}
[2026-02-04 10:14:30] slim-app.INFO: Slim-Skeleton '/' usuarios [] {"uid":"47f0715"}
[2026-02-04 10:14:31] slim-app.INFO: Slim-Skeleton '/' login [] {"uid":"95330ef"}
[2026-02-04 10:14:42] slim-app.INFO: Slim-Skeleton '/' login [] {"uid":"06ce853"}
[2026-02-04 10:14:58] slim-app.INFO: Slim-Skeleton 'usuario/login/' 1 [] {"uid":"e0657eb"}
[2026-02-04 10:14:58] slim-app.INFO: Slim-Skeleton '/' beneficiarios [] {"uid":"3ef4b68"}
[2026-02-04 10:15:06] slim-app.INFO: Slim-Skeleton '/' asistencia [] {"uid":"3926848"}
[2026-02-04 10:15:07] slim-app.INFO: Slim-Skeleton '/' usuarios [] {"uid":"6f533cc"}
[2026-02-04 10:15:09] slim-app.INFO: Slim-Skeleton '/' beneficiarios [] {"uid":"bd95821"}
[2026-02-04 10:15:29] slim-app.INFO: Slim-Skeleton '/' login [] {"uid":"8149918"}
[2026-02-04 10:15:38] slim-app.INFO: Slim-Skeleton 'usuario/login/' 1 [] {"uid":"c8d1c9f"}
[2026-02-04 10:15:38] slim-app.INFO: Slim-Skeleton '/' beneficiarios [] {"uid":"216c543"}
[2026-02-04 10:16:16] slim-app.INFO: Slim-Skeleton '/' beneficiarios [] {"uid":"6642488"}
[2026-02-04 10:16:22] slim-app.INFO: Slim-Skeleton '/' asistencia [] {"uid":"3532508"}
[2026-02-04 10:16:29] slim-app.INFO: Slim-Skeleton '/' usuarios [] {"uid":"24bbfcd"}
[2026-02-04 10:16:31] slim-app.INFO: Slim-Skeleton '/' beneficiarios [] {"uid":"7064bb5"}
[2026-02-04 10:16:45] slim-app.INFO: Slim-Skeleton '/' asistencia [] {"uid":"4c65420"}
[2026-02-04 10:16:49] slim-app.INFO: Slim-Skeleton '/' beneficiarios [] {"uid":"604c6e2"}
[2026-02-04 10:19:48] slim-app.INFO: Slim-Skeleton '/' beneficiarios [] {"uid":"5cadcf3"}
[2026-02-04 10:20:42] slim-app.INFO: Slim-Skeleton '/' login [] {"uid":"0e5dc6b"}
[2026-02-04 10:20:45] slim-app.INFO: Slim-Skeleton 'usuario/login/' 1 [] {"uid":"7b4862e"}
[2026-02-04 10:20:45] slim-app.INFO: Slim-Skeleton '/' beneficiarios [] {"uid":"4b4ca5d"}
[2026-02-04 10:20:58] slim-app.INFO: Slim-Skeleton '/' login [] {"uid":"c8956e2"}
[2026-02-04 10:21:05] slim-app.INFO: Slim-Skeleton '/' login [] {"uid":"95de009"}
[2026-02-04 10:21:08] slim-app.INFO: Slim-Skeleton 'usuario/login/' 1 [] {"uid":"afb1c9b"}
[2026-02-04 10:21:08] slim-app.INFO: Slim-Skeleton '/' beneficiarios [] {"uid":"c50a916"}
[2026-02-04 10:21:30] slim-app.INFO: Slim-Skeleton '/' beneficiarios [] {"uid":"2ddb549"}
[2026-02-04 10:21:37] slim-app.INFO: Slim-Skeleton '/' beneficiarios [] {"uid":"bdb540f"}
[2026-02-04 10:21:49] slim-app.INFO: Slim-Skeleton '/' login [] {"uid":"db292c8"}
[2026-02-04 10:22:14] slim-app.INFO: Slim-Skeleton 'usuario/login/' 1 [] {"uid":"d75623f"}
[2026-02-04 10:22:14] slim-app.INFO: Slim-Skeleton '/' beneficiarios [] {"uid":"379a85a"}
[2026-02-04 10:26:27] slim-app.INFO: Slim-Skeleton '/' beneficiarios [] {"uid":"d60be6f"}
[2026-02-04 10:26:29] slim-app.INFO: Slim-Skeleton '/' beneficiarios [] {"uid":"8865ed5"}
[2026-02-04 10:26:32] slim-app.INFO: Slim-Skeleton '/' login [] {"uid":"6a3c7ab"}
[2026-02-04 10:26:36] slim-app.INFO: Slim-Skeleton 'usuario/login/' 1 [] {"uid":"fe416b8"}
[2026-02-04 10:26:36] slim-app.INFO: Slim-Skeleton '/' beneficiarios [] {"uid":"3e5b599"}
[2026-02-04 10:29:55] slim-app.INFO: Slim-Skeleton '/' beneficiarios [] {"uid":"f2f6204"}
[2026-02-04 10:31:53] slim-app.INFO: Slim-Skeleton '/' beneficiarios [] {"uid":"4267388"}
[2026-02-04 10:31:54] slim-app.INFO: Slim-Skeleton '/' login [] {"uid":"86bce28"}
[2026-02-04 10:31:59] slim-app.INFO: Slim-Skeleton '/' login [] {"uid":"7449fba"}
[2026-02-04 10:33:35] slim-app.INFO: Slim-Skeleton '/' login [] {"uid":"4d591f9"}
[2026-02-04 10:33:56] slim-app.INFO: Slim-Skeleton 'usuario/login/' 1 [] {"uid":"73ef974"}
[2026-02-04 10:33:56] slim-app.INFO: Slim-Skeleton '/' beneficiarios [] {"uid":"9fc63f0"}
[2026-02-04 10:34:03] slim-app.INFO: Slim-Skeleton '/' beneficiarios [] {"uid":"56ff75a"}
[2026-02-04 10:34:20] slim-app.INFO: Slim-Skeleton '/' beneficiarios [] {"uid":"9278afc"}
[2026-02-04 10:34:23] slim-app.INFO: Slim-Skeleton '/' login [] {"uid":"3be22a4"}
[2026-02-04 10:34:48] slim-app.INFO: Slim-Skeleton '/' login [] {"uid":"e8bddcd"}
[2026-02-04 10:35:00] slim-app.INFO: Slim-Skeleton 'usuario/login/' 1 [] {"uid":"73dad52"}
[2026-02-04 10:35:00] slim-app.INFO: Slim-Skeleton '/' beneficiarios [] {"uid":"6902963"}
[2026-02-04 10:35:15] slim-app.INFO: Slim-Skeleton '/' beneficiarios [] {"uid":"46022ca"}
[2026-02-04 10:35:15] slim-app.INFO: Slim-Skeleton '/' login [] {"uid":"a022ecd"}
[2026-02-04 10:35:18] slim-app.INFO: Slim-Skeleton 'usuario/login/' 1 [] {"uid":"1337737"}
[2026-02-04 10:35:18] slim-app.INFO: Slim-Skeleton '/' beneficiarios [] {"uid":"85b39cd"}
[2026-02-04 10:35:25] slim-app.INFO: Slim-Skeleton '/' login [] {"uid":"16832cf"}
[2026-02-04 10:35:42] slim-app.INFO: Slim-Skeleton '/' login [] {"uid":"170bc26"}
[2026-02-04 10:35:44] slim-app.INFO: Slim-Skeleton 'usuario/login/' 1 [] {"uid":"3e420fb"}
[2026-02-04 10:35:44] slim-app.INFO: Slim-Skeleton '/' beneficiarios [] {"uid":"eb2a7fc"}
[2026-02-04 10:36:50] slim-app.INFO: Slim-Skeleton '/' beneficiarios [] {"uid":"9b01309"}
[2026-02-04 10:37:05] slim-app.INFO: Slim-Skeleton '/' beneficiarios [] {"uid":"e1fbed3"}
[2026-02-04 10:37:05] slim-app.INFO: Slim-Skeleton '/' login [] {"uid":"3515ad0"}
[2026-02-04 10:37:07] slim-app.INFO: Slim-Skeleton 'usuario/login/' 1 [] {"uid":"255330e"}
[2026-02-04 10:37:07] slim-app.INFO: Slim-Skeleton '/' beneficiarios [] {"uid":"d789a13"}
[2026-02-04 10:37:33] slim-app.INFO: Slim-Skeleton '/' beneficiarios [] {"uid":"952131e"}
[2026-02-04 10:37:37] slim-app.INFO: Slim-Skeleton '/' login [] {"uid":"702bbc8"}
[2026-02-04 10:37:40] slim-app.INFO: Slim-Skeleton 'usuario/login/' 1 [] {"uid":"b7e5fde"}
[2026-02-04 10:37:40] slim-app.INFO: Slim-Skeleton '/' beneficiarios [] {"uid":"29bb98d"}
[2026-02-04 10:37:53] slim-app.INFO: Slim-Skeleton '/' beneficiarios [] {"uid":"e53d2a3"}
[2026-02-04 10:37:53] slim-app.INFO: Slim-Skeleton '/' login [] {"uid":"cebd9e2"}
[2026-02-04 10:37:56] slim-app.INFO: Slim-Skeleton 'usuario/login/' 1 [] {"uid":"cff56bb"}
[2026-02-04 10:37:56] slim-app.INFO: Slim-Skeleton '/' beneficiarios [] {"uid":"aad16b9"}
[2026-02-04 10:38:19] slim-app.INFO: Slim-Skeleton '/' beneficiarios [] {"uid":"0c7ab62"}
[2026-02-04 10:38:27] slim-app.INFO: Slim-Skeleton '/' asistencia [] {"uid":"2ab0a23"}
[2026-02-04 10:38:29] slim-app.INFO: Slim-Skeleton '/' usuarios [] {"uid":"4fe29c1"}
[2026-02-04 10:38:30] slim-app.INFO: Slim-Skeleton '/' beneficiarios [] {"uid":"bdc3f00"}
[2026-02-04 10:38:31] slim-app.INFO: Slim-Skeleton '/' usuarios [] {"uid":"0548cf3"}
[2026-02-04 10:38:40] slim-app.INFO: Slim-Skeleton '/' beneficiarios [] {"uid":"48ac677"}
[2026-02-04 10:38:41] slim-app.INFO: Slim-Skeleton '/' asistencia [] {"uid":"8fa64fc"}
[2026-02-04 10:38:44] slim-app.INFO: Slim-Skeleton '/' beneficiarios [] {"uid":"b48b452"}
[2026-02-04 10:39:08] slim-app.INFO: Slim-Skeleton '/' login [] {"uid":"40e6446"}
[2026-02-04 10:39:15] slim-app.INFO: Slim-Skeleton '/' login [] {"uid":"2b5c12f"}
[2026-02-04 10:39:18] slim-app.INFO: Slim-Skeleton 'usuario/login/' 1 [] {"uid":"def1822"}
[2026-02-04 10:39:18] slim-app.INFO: Slim-Skeleton '/' beneficiarios [] {"uid":"76e458f"}
[2026-02-04 10:39:37] slim-app.INFO: Slim-Skeleton '/' login [] {"uid":"6df2eb5"}
[2026-02-04 10:41:18] slim-app.INFO: Slim-Skeleton '/' login [] {"uid":"147ec63"}
[2026-02-04 10:41:23] slim-app.INFO: Slim-Skeleton '/' login [] {"uid":"db94db4"}
[2026-02-04 10:41:30] slim-app.INFO: Slim-Skeleton '/' login [] {"uid":"e0b7e46"}
[2026-02-04 10:41:31] slim-app.INFO: Slim-Skeleton '/' login [] {"uid":"3a9745d"}
[2026-02-04 10:41:43] slim-app.INFO: Slim-Skeleton '/' login [] {"uid":"1129318"}
[2026-02-04 10:41:44] slim-app.INFO: Slim-Skeleton '/' login [] {"uid":"722bbd0"}
[2026-02-04 10:41:45] slim-app.INFO: Slim-Skeleton '/' login [] {"uid":"c7d4f7a"}
[2026-02-04 10:41:52] slim-app.INFO: Slim-Skeleton '/' login [] {"uid":"bc033ab"}
[2026-02-04 10:42:03] slim-app.INFO: Slim-Skeleton '/' login [] {"uid":"01b16a2"}
[2026-02-04 10:42:15] slim-app.INFO: Slim-Skeleton '/' login [] {"uid":"e6022ee"}
[2026-02-04 10:42:17] slim-app.INFO: Slim-Skeleton 'usuario/login/' 1 [] {"uid":"92d6671"}
[2026-02-04 10:42:17] slim-app.INFO: Slim-Skeleton '/' beneficiarios [] {"uid":"8a3f49e"}
[2026-02-04 10:42:21] slim-app.INFO: Slim-Skeleton '/' login [] {"uid":"4f25e50"}
[2026-02-04 10:42:34] slim-app.INFO: Slim-Skeleton '/' login [] {"uid":"5d4892c"}
[2026-02-04 10:42:41] slim-app.INFO: Slim-Skeleton '/' login [] {"uid":"2738e7b"}
[2026-02-04 10:42:42] slim-app.INFO: Slim-Skeleton '/' login [] {"uid":"0a03086"}
[2026-02-04 10:42:43] slim-app.INFO: Slim-Skeleton '/' login [] {"uid":"95e31f4"}
[2026-02-04 10:42:43] slim-app.INFO: Slim-Skeleton '/' login [] {"uid":"b947358"}
[2026-02-04 10:42:44] slim-app.INFO: Slim-Skeleton '/' login [] {"uid":"769955f"}
[2026-02-04 10:43:43] slim-app.INFO: Slim-Skeleton '/' login [] {"uid":"c914628"}
[2026-02-04 10:44:00] slim-app.INFO: Slim-Skeleton '/' login [] {"uid":"ad6d788"}
[2026-02-04 10:44:07] slim-app.INFO: Slim-Skeleton '/' login [] {"uid":"f1bd117"}
[2026-02-04 10:44:31] slim-app.INFO: Slim-Skeleton '/' login [] {"uid":"f624c6d"}
[2026-02-04 10:44:40] slim-app.INFO: Slim-Skeleton 'usuario/login/' 1 [] {"uid":"5c4746b"}
[2026-02-04 10:44:41] slim-app.INFO: Slim-Skeleton '/' beneficiarios [] {"uid":"f514e2d"}
[2026-02-04 10:44:44] slim-app.INFO: Slim-Skeleton '/' login [] {"uid":"ec690dd"}
[2026-02-04 10:44:55] slim-app.INFO: Slim-Skeleton 'usuario/login/' 1 [] {"uid":"2bf74ac"}
[2026-02-04 10:44:55] slim-app.INFO: Slim-Skeleton '/' beneficiarios [] {"uid":"f43dfde"}
[2026-02-04 10:50:42] slim-app.INFO: Slim-Skeleton '/' beneficiarios [] {"uid":"bc187cd"}
[2026-02-04 10:50:43] slim-app.INFO: Slim-Skeleton '/' asistencia [] {"uid":"13499dd"}
[2026-02-04 10:50:47] slim-app.INFO: Slim-Skeleton '/' beneficiarios [] {"uid":"48a4205"}
[2026-02-04 10:51:35] slim-app.INFO: Slim-Skeleton '/' beneficiarios [] {"uid":"b7cb03a"}
[2026-02-04 10:51:37] slim-app.INFO: Slim-Skeleton '/' perfil [] {"uid":"5654c29"}
[2026-02-04 10:51:39] slim-app.INFO: Slim-Skeleton '/' beneficiarios [] {"uid":"9865e66"}
[2026-02-04 10:51:40] slim-app.INFO: Slim-Skeleton '/' beneficiarios [] {"uid":"2681393"}
[2026-02-04 11:24:28] slim-app.INFO: Slim-Skeleton '/' login [] {"uid":"cf42ad0"}
[2026-02-04 11:24:31] slim-app.INFO: Slim-Skeleton 'usuario/login/' 1 [] {"uid":"dadc4dc"}
[2026-02-04 11:24:31] slim-app.INFO: Slim-Skeleton '/' beneficiarios [] {"uid":"7195d4b"}
[2026-02-04 11:28:21] slim-app.INFO: Slim-Skeleton '/' login [] {"uid":"03355f9"}
[2026-02-04 11:28:24] slim-app.INFO: Slim-Skeleton 'usuario/login/' 1 [] {"uid":"eae29c3"}
[2026-02-04 11:28:24] slim-app.INFO: Slim-Skeleton '/' beneficiarios [] {"uid":"36122b9"}
[2026-02-04 11:29:02] slim-app.INFO: Slim-Skeleton '/' beneficiarios [] {"uid":"fb7bb90"}
[2026-02-04 11:29:02] slim-app.INFO: Slim-Skeleton '/' login [] {"uid":"d8d1797"}
[2026-02-04 11:30:12] slim-app.INFO: Slim-Skeleton '/' beneficiarios [] {"uid":"a971a7f"}
[2026-02-04 11:30:17] slim-app.INFO: Slim-Skeleton '/' asistencia [] {"uid":"a2dd842"}
[2026-02-04 11:30:21] slim-app.INFO: Slim-Skeleton '/' usuarios [] {"uid":"8e0f762"}
[2026-02-04 11:30:22] slim-app.INFO: Slim-Skeleton '/' beneficiarios [] {"uid":"9e08b7d"}
[2026-02-04 11:30:32] slim-app.INFO: Slim-Skeleton '/' beneficiarios [] {"uid":"3aeeb4b"}
[2026-02-04 11:30:33] slim-app.INFO: Slim-Skeleton '/' beneficiarios [] {"uid":"f9a9957"}
[2026-02-04 11:35:27] slim-app.INFO: Slim-Skeleton '/' beneficiarios [] {"uid":"a3678aa"}
[2026-02-04 11:35:38] slim-app.INFO: Slim-Skeleton '/' beneficiarios [] {"uid":"06fbaff"}
[2026-02-04 11:35:48] slim-app.INFO: Slim-Skeleton '/' beneficiarios [] {"uid":"792c2a6"}
[2026-02-04 11:36:04] slim-app.INFO: Slim-Skeleton '/' beneficiarios [] {"uid":"835bc61"}
[2026-02-04 11:36:21] slim-app.INFO: Slim-Skeleton '/' beneficiarios [] {"uid":"52678e3"}
[2026-02-04 11:36:27] slim-app.INFO: Slim-Skeleton '/' beneficiarios [] {"uid":"15148c9"}
[2026-02-04 11:36:34] slim-app.INFO: Slim-Skeleton '/' usuarios [] {"uid":"a841b92"}
[2026-02-04 11:36:37] slim-app.INFO: Slim-Skeleton '/' asistencia [] {"uid":"8f79295"}
[2026-02-04 11:36:37] slim-app.INFO: Slim-Skeleton '/' beneficiarios [] {"uid":"2d6378b"}
[2026-02-04 13:17:21] slim-app.INFO: Slim-Skeleton '/' beneficiarios [] {"uid":"d7987bf"}
[2026-02-04 13:18:16] slim-app.INFO: Slim-Skeleton '/' beneficiarios [] {"uid":"f44f206"}
[2026-02-04 13:18:19] slim-app.INFO: Slim-Skeleton '/' asistencia [] {"uid":"6361cf0"}
[2026-02-04 13:18:21] slim-app.INFO: Slim-Skeleton '/' beneficiarios [] {"uid":"b812cf7"}
[2026-02-04 13:18:23] slim-app.INFO: Slim-Skeleton '/' asistencia [] {"uid":"7b9e2ae"}
[2026-02-04 13:18:25] slim-app.INFO: Slim-Skeleton '/' usuarios [] {"uid":"1c58280"}
[2026-02-04 13:18:27] slim-app.INFO: Slim-Skeleton '/' beneficiarios [] {"uid":"ce39ebb"}
[2026-02-04 13:18:35] slim-app.INFO: Slim-Skeleton '/' beneficiarios [] {"uid":"4775103"}
[2026-02-04 13:18:37] slim-app.INFO: Slim-Skeleton '/' asistencia [] {"uid":"e61049e"}
[2026-02-04 13:18:40] slim-app.INFO: Slim-Skeleton '/' usuarios [] {"uid":"328dad2"}
[2026-02-04 13:18:44] slim-app.INFO: Slim-Skeleton '/' usuarios [] {"uid":"076fd17"}
[2026-02-04 13:18:44] slim-app.INFO: Slim-Skeleton '/' login [] {"uid":"314044f"}
[2026-02-04 13:19:00] slim-app.INFO: Slim-Skeleton 'usuario/login/' 1 [] {"uid":"43a749f"}
[2026-02-04 13:19:01] slim-app.INFO: Slim-Skeleton '/' beneficiarios [] {"uid":"2a3a939"}
[2026-02-04 13:19:03] slim-app.INFO: Slim-Skeleton '/' login [] {"uid":"9902cd7"}
[2026-02-04 13:19:57] slim-app.INFO: Slim-Skeleton '/' login [] {"uid":"908f9fd"}
[2026-02-04 13:20:05] slim-app.INFO: Slim-Skeleton '/' login [] {"uid":"1c91c85"}
[2026-02-04 13:20:46] slim-app.INFO: Slim-Skeleton '/' login [] {"uid":"3432051"}
[2026-02-04 13:20:52] slim-app.INFO: Slim-Skeleton '/' login [] {"uid":"2562cbe"}
[2026-02-04 13:21:01] slim-app.INFO: Slim-Skeleton '/' login [] {"uid":"1d86d14"}
[2026-02-04 13:21:35] slim-app.INFO: Slim-Skeleton '/' login [] {"uid":"a940190"}
[2026-02-04 13:21:44] slim-app.INFO: Slim-Skeleton '/' login [] {"uid":"da437f2"}
[2026-02-04 13:21:56] slim-app.INFO: Slim-Skeleton '/' login [] {"uid":"75d5dac"}
[2026-02-04 13:22:20] slim-app.INFO: Slim-Skeleton '/' login [] {"uid":"885c6d8"}
[2026-02-04 13:24:22] slim-app.INFO: Slim-Skeleton '/' login [] {"uid":"0845d0e"}
[2026-02-04 13:24:26] slim-app.INFO: Slim-Skeleton '/' login [] {"uid":"b7ddf8b"}
[2026-02-04 13:24:31] slim-app.INFO: Slim-Skeleton '/' login [] {"uid":"53b449d"}
[2026-02-04 13:25:21] slim-app.INFO: Slim-Skeleton 'usuario/login/' 1 [] {"uid":"eb58659"}
[2026-02-04 13:25:21] slim-app.INFO: Slim-Skeleton '/' beneficiarios [] {"uid":"3821779"}
[2026-02-04 13:25:25] slim-app.INFO: Slim-Skeleton '/' asistencia [] {"uid":"cdd3298"}
[2026-02-04 13:25:27] slim-app.INFO: Slim-Skeleton '/' usuarios [] {"uid":"43e55dd"}
[2026-02-04 13:25:28] slim-app.INFO: Slim-Skeleton '/' beneficiarios [] {"uid":"60d81f5"}
[2026-02-04 13:26:06] slim-app.INFO: Slim-Skeleton '/' beneficiarios [] {"uid":"6d91509"}
[2026-02-04 13:26:24] slim-app.INFO: Slim-Skeleton '/' beneficiarios [] {"uid":"9d1fe3b"}
[2026-02-04 13:26:24] slim-app.INFO: Slim-Skeleton '/' login [] {"uid":"debb4de"}
[2026-02-04 13:26:28] slim-app.INFO: Slim-Skeleton 'usuario/login/' 1 [] {"uid":"d74e4e0"}
[2026-02-04 13:26:28] slim-app.INFO: Slim-Skeleton '/' beneficiarios [] {"uid":"3b7c5d7"}
[2026-02-04 13:30:52] slim-app.INFO: Slim-Skeleton '/' beneficiarios [] {"uid":"8dc6594"}
[2026-02-04 13:31:24] slim-app.INFO: Slim-Skeleton '/' beneficiarios [] {"uid":"83ae39c"}
[2026-02-04 13:31:45] slim-app.INFO: Slim-Skeleton '/' perfil [] {"uid":"d64d927"}
[2026-02-04 13:31:52] slim-app.INFO: Slim-Skeleton '/' beneficiarios [] {"uid":"10f3022"}
[2026-02-04 13:32:47] slim-app.INFO: Slim-Skeleton '/' asistencia [] {"uid":"80832d7"}
[2026-02-04 13:32:50] slim-app.INFO: Slim-Skeleton '/' beneficiarios [] {"uid":"35ab52a"}
[2026-02-04 13:34:16] slim-app.INFO: Slim-Skeleton '/' beneficiarios [] {"uid":"619cb1b"}
[2026-02-04 13:34:19] slim-app.INFO: Slim-Skeleton '/' asistencia [] {"uid":"4534793"}
[2026-02-04 13:34:22] slim-app.INFO: Slim-Skeleton '/' beneficiarios [] {"uid":"bcd232f"}
[2026-02-04 13:34:27] slim-app.INFO: Slim-Skeleton '/' asistencia [] {"uid":"d6b2882"}
[2026-02-04 13:34:33] slim-app.INFO: Slim-Skeleton '/' beneficiarios [] {"uid":"8618524"}
[2026-02-04 13:34:43] slim-app.INFO: Slim-Skeleton '/' beneficiarios [] {"uid":"904a058"}
[2026-02-04 13:34:49] slim-app.INFO: Slim-Skeleton '/' beneficiarios [] {"uid":"8c6863f"}
[2026-02-04 13:34:50] slim-app.INFO: Slim-Skeleton '/' asistencia [] {"uid":"a4a50de"}
[2026-02-04 13:34:53] slim-app.INFO: Slim-Skeleton '/' lista [] {"uid":"caf7174"}
[2026-02-04 13:34:56] slim-app.INFO: Slim-Skeleton '/' asistencia [] {"uid":"c4e70fc"}
[2026-02-04 13:34:58] slim-app.INFO: Slim-Skeleton '/' beneficiarios [] {"uid":"8458ed1"}
[2026-02-04 13:34:59] slim-app.INFO: Slim-Skeleton '/' asistencia [] {"uid":"cd597cf"}
[2026-02-04 13:35:03] slim-app.INFO: Slim-Skeleton '/' lista [] {"uid":"1e6434c"}
[2026-02-04 13:35:07] slim-app.INFO: Slim-Skeleton '/' asistencia [] {"uid":"bc4c016"}
[2026-02-04 13:35:34] slim-app.INFO: Slim-Skeleton '/' asistencia [] {"uid":"fd8d76c"}
[2026-02-04 13:35:34] slim-app.INFO: Slim-Skeleton '/' login [] {"uid":"cb17857"}
[2026-02-04 13:36:27] slim-app.INFO: Slim-Skeleton '/' asistencia [] {"uid":"e46dd8e"}
[2026-02-04 13:36:39] slim-app.INFO: Slim-Skeleton '/' asistencia [] {"uid":"1562626"}
[2026-02-04 13:36:46] slim-app.INFO: Slim-Skeleton '/' lista [] {"uid":"b0b2b5b"}
[2026-02-04 13:37:02] slim-app.INFO: Slim-Skeleton '/' listacom [] {"uid":"022bf7e"}
[2026-02-04 13:47:42] slim-app.INFO: Slim-Skeleton '/' asistencia [] {"uid":"946fa93"}
[2026-02-04 13:47:44] slim-app.INFO: Slim-Skeleton '/' lista [] {"uid":"e9303e9"}
[2026-02-04 13:47:51] slim-app.INFO: Slim-Skeleton '/' lista [] {"uid":"2ec96f7"}
[2026-02-04 13:47:53] slim-app.INFO: Slim-Skeleton '/' listacom [] {"uid":"a764273"}
[2026-02-04 13:49:25] slim-app.INFO: Slim-Skeleton '/' lista [] {"uid":"07aa7a5"}
[2026-02-04 13:49:53] slim-app.INFO: Slim-Skeleton '/' lista [] {"uid":"bf1c9b8"}
[2026-02-04 13:50:51] slim-app.INFO: Slim-Skeleton '/' beneficiarios [] {"uid":"b6f327e"}
[2026-02-04 13:50:54] slim-app.INFO: Slim-Skeleton '/' usuarios [] {"uid":"951fd17"}
[2026-02-04 13:51:03] slim-app.INFO: Slim-Skeleton '/' usuarios [] {"uid":"7b5bbb8"}
[2026-02-04 13:51:03] slim-app.INFO: Slim-Skeleton '/' login [] {"uid":"029fe6d"}
[2026-02-04 13:51:55] slim-app.INFO: Slim-Skeleton '/' usuarios [] {"uid":"8959cca"}
[2026-02-04 13:52:03] slim-app.INFO: Slim-Skeleton '/' usuarios [] {"uid":"f5467a6"}
[2026-02-04 13:52:14] slim-app.INFO: Slim-Skeleton '/' usuarios [] {"uid":"caf4c71"}
[2026-02-04 13:52:43] slim-app.INFO: Slim-Skeleton '/' beneficiarios [] {"uid":"4b24b8b"}
[2026-02-04 13:52:56] slim-app.INFO: Slim-Skeleton '/' beneficiarios [] {"uid":"671109e"}
[2026-02-04 13:53:42] slim-app.INFO: Slim-Skeleton '/' perfil [] {"uid":"9a73145"}
[2026-02-04 13:54:47] slim-app.INFO: Slim-Skeleton '/' login [] {"uid":"6fef833"}
[2026-02-04 13:57:46] slim-app.INFO: Slim-Skeleton '/' login [] {"uid":"194c7b8"}
[2026-02-04 13:57:49] slim-app.INFO: Slim-Skeleton 'usuario/login/' 1 [] {"uid":"d439ba7"}
[2026-02-04 13:57:49] slim-app.INFO: Slim-Skeleton '/' beneficiarios [] {"uid":"7e1af5b"}
[2026-02-04 13:57:55] slim-app.INFO: Slim-Skeleton '/' login [] {"uid":"ab533b6"}
[2026-02-04 13:58:00] slim-app.INFO: Slim-Skeleton 'usuario/login/' 1 [] {"uid":"1620aa1"}
[2026-02-04 13:58:00] slim-app.INFO: Slim-Skeleton '/' beneficiarios [] {"uid":"6e9e250"}
[2026-02-04 15:21:26] slim-app.INFO: Slim-Skeleton '/' login [] {"uid":"d609222"}
[2026-02-04 15:21:29] slim-app.INFO: Slim-Skeleton '/' login [] {"uid":"197b62e"}
[2026-02-04 15:23:59] slim-app.INFO: Slim-Skeleton '/' login [] {"uid":"1d28e58"}
[2026-02-04 15:39:57] slim-app.INFO: Slim-Skeleton 'usuario/login/' 1 [] {"uid":"69228eb"}
[2026-02-04 15:39:58] slim-app.INFO: Slim-Skeleton '/' beneficiarios [] {"uid":"262b1bd"}
[2026-02-04 16:36:35] slim-app.INFO: Slim-Skeleton '/'  [] {"uid":"b115bdc"}
[2026-02-04 16:36:35] slim-app.INFO: Slim-Skeleton '/' login [] {"uid":"0db58d0"}
